Determining if the pthread_create exist failed with the following output:
Change Dir: /home/ubuntu/drones/build/CMakeFiles/CMakeTmp

Run Build Command:"/usr/bin/make" "cmTC_33cca/fast"
/usr/bin/make -f CMakeFiles/cmTC_33cca.dir/build.make CMakeFiles/cmTC_33cca.dir/build
make[1]: Entering directory '/home/ubuntu/drones/build/CMakeFiles/CMakeTmp'
Building C object CMakeFiles/cmTC_33cca.dir/CheckSymbolExists.c.o
/usr/bin/cc     -o CMakeFiles/cmTC_33cca.dir/CheckSymbolExists.c.o   -c /home/ubuntu/drones/build/CMakeFiles/CMakeTmp/CheckSymbolExists.c
Linking C executable cmTC_33cca
/usr/bin/cmake -E cmake_link_script CMakeFiles/cmTC_33cca.dir/link.txt --verbose=1
/usr/bin/cc       CMakeFiles/cmTC_33cca.dir/CheckSymbolExists.c.o  -o cmTC_33cca -rdynamic 
CMakeFiles/cmTC_33cca.dir/CheckSymbolExists.c.o: In function `main':
CheckSymbolExists.c:(.text+0xe): undefined reference to `pthread_create'
CheckSymbolExists.c:(.text+0x12): undefined reference to `pthread_create'
collect2: error: ld returned 1 exit status
CMakeFiles/cmTC_33cca.dir/build.make:97: recipe for target 'cmTC_33cca' failed
make[1]: *** [cmTC_33cca] Error 1
make[1]: Leaving directory '/home/ubuntu/drones/build/CMakeFiles/CMakeTmp'
Makefile:126: recipe for target 'cmTC_33cca/fast' failed
make: *** [cmTC_33cca/fast] Error 2

File /home/ubuntu/drones/build/CMakeFiles/CMakeTmp/CheckSymbolExists.c:
/* */
#include <pthread.h>

int main(int argc, char** argv)
{
  (void)argv;
#ifndef pthread_create
  return ((int*)(&pthread_create))[argc];
#else
  (void)argc;
  return 0;
#endif
}

Determining if the function pthread_create exists in the pthreads failed with the following output:
Change Dir: /home/ubuntu/drones/build/CMakeFiles/CMakeTmp

Run Build Command:"/usr/bin/make" "cmTC_c195a/fast"
/usr/bin/make -f CMakeFiles/cmTC_c195a.dir/build.make CMakeFiles/cmTC_c195a.dir/build
make[1]: Entering directory '/home/ubuntu/drones/build/CMakeFiles/CMakeTmp'
Building C object CMakeFiles/cmTC_c195a.dir/CheckFunctionExists.c.o
/usr/bin/cc    -DCHECK_FUNCTION_EXISTS=pthread_create   -o CMakeFiles/cmTC_c195a.dir/CheckFunctionExists.c.o   -c /usr/share/cmake-3.5/Modules/CheckFunctionExists.c
Linking C executable cmTC_c195a
/usr/bin/cmake -E cmake_link_script CMakeFiles/cmTC_c195a.dir/link.txt --verbose=1
/usr/bin/cc   -DCHECK_FUNCTION_EXISTS=pthread_create    CMakeFiles/cmTC_c195a.dir/CheckFunctionExists.c.o  -o cmTC_c195a -rdynamic -lpthreads 
/usr/bin/ld: cannot find -lpthreads
collect2: error: ld returned 1 exit status
CMakeFiles/cmTC_c195a.dir/build.make:97: recipe for target 'cmTC_c195a' failed
make[1]: *** [cmTC_c195a] Error 1
make[1]: Leaving directory '/home/ubuntu/drones/build/CMakeFiles/CMakeTmp'
Makefile:126: recipe for target 'cmTC_c195a/fast' failed
make: *** [cmTC_c195a/fast] Error 2


